<?xml version="1.0" encoding="UTF-8"?>
<!-- Generated by org.testng.reporters.JUnitReportReporter -->
<testsuite name="nbuyadspkg1.nbuyads_tc2" tests="1" time="15.285" ignored="0" failures="0" timestamp="11 Apr 2018 13:38:42 GMT" skipped="0" hostname="DESKTOP-TNBFE61" errors="0">
  <testcase name="Testcase1" time="15.285" classname="nbuyadspkg1.nbuyads_tc2"/>
</testsuite> <!-- nbuyadspkg1.nbuyads_tc2 -->
